<?xml version="1.0" encoding="UTF-8"?>
<!-- Generated by org.testng.reporters.JUnitReportReporter -->
<testsuite hostname="LAPTOP-U3RVMDB3" failures="0" tests="1" name="com.examplet.test.NewTest" time="0.219" errors="0" timestamp="2022-12-22T15:34:19 ECT" skipped="0">
  <testcase classname="com.examplet.test.NewTest" name="f" time="0.219"/>
  <system-out/>
</testsuite> <!-- com.examplet.test.NewTest -->
