<?xml version="1.0" encoding="UTF-8"?>
<!-- Generated by org.testng.reporters.JUnitReportReporter -->
<testsuite hostname="LAPTOP-U3RVMDB3" failures="0" tests="1" name="com.examplet.testng.NewTest" time="0.202" errors="0" timestamp="2022-12-23T14:29:39 ECT" skipped="0">
  <testcase classname="com.examplet.testng.NewTest" name="f" time="0.202"/>
  <system-out/>
</testsuite> <!-- com.examplet.testng.NewTest -->
