<?xml version="1.0" encoding="UTF-8"?>
<!-- Generated by org.testng.reporters.JUnitReportReporter -->
<testsuite hostname="LAPTOP-U3RVMDB3" failures="0" tests="2" name="com.examplet.testng.Login_Test2" time="18.480" errors="0" timestamp="2022-12-23T14:59:56 ECT" skipped="0">
  <testcase classname="com.examplet.testng.Login_Test2" name="login" time="9.229"/>
  <system-out/>
  <testcase classname="com.examplet.testng.Login_Test2" name="login" time="9.251"/>
  <system-out/>
</testsuite> <!-- com.examplet.testng.Login_Test2 -->
